{"/workspaces/mobility-scooter-web-app/apps/api/src/config/common-headers.ts": {"path":"/workspaces/mobility-scooter-web-app/apps/api/src/config/common-headers.ts","statementMap":{"0":{"start":{"line":1,"column":13},"end":{"line":3,"column":null}}},"fnMap":{},"branchMap":{},"s":{"0":5},"f":{},"b":{}}
,"/workspaces/mobility-scooter-web-app/apps/api/src/config/constants.ts": {"path":"/workspaces/mobility-scooter-web-app/apps/api/src/config/constants.ts","statementMap":{"0":{"start":{"line":1,"column":0},"end":{"line":1,"column":28}},"1":{"start":{"line":2,"column":0},"end":{"line":2,"column":16}},"2":{"start":{"line":4,"column":13},"end":{"line":4,"column":73}},"3":{"start":{"line":5,"column":13},"end":{"line":5,"column":67}},"4":{"start":{"line":6,"column":13},"end":{"line":6,"column":68}},"5":{"start":{"line":9,"column":13},"end":{"line":9,"column":79}},"6":{"start":{"line":10,"column":13},"end":{"line":10,"column":61}},"7":{"start":{"line":12,"column":13},"end":{"line":12,"column":91}},"8":{"start":{"line":13,"column":13},"end":{"line":13,"column":85}},"9":{"start":{"line":14,"column":13},"end":{"line":14,"column":79}},"10":{"start":{"line":15,"column":13},"end":{"line":16,"column":65}},"11":{"start":{"line":17,"column":13},"end":{"line":18,"column":65}},"12":{"start":{"line":20,"column":13},"end":{"line":20,"column":76}},"13":{"start":{"line":22,"column":13},"end":{"line":22,"column":70}},"14":{"start":{"line":24,"column":13},"end":{"line":24,"column":70}},"15":{"start":{"line":26,"column":13},"end":{"line":26,"column":79}},"16":{"start":{"line":27,"column":13},"end":{"line":27,"column":97}},"17":{"start":{"line":28,"column":13},"end":{"line":28,"column":109}},"18":{"start":{"line":30,"column":13},"end":{"line":30,"column":null}}},"fnMap":{},"branchMap":{"0":{"loc":{"start":{"line":4,"column":26},"end":{"line":4,"column":72}},"type":"binary-expr","locations":[{"start":{"line":4,"column":26},"end":{"line":4,"column":48}},{"start":{"line":4,"column":52},"end":{"line":4,"column":72}}]},"1":{"loc":{"start":{"line":5,"column":24},"end":{"line":5,"column":66}},"type":"binary-expr","locations":[{"start":{"line":5,"column":24},"end":{"line":5,"column":44}},{"start":{"line":5,"column":48},"end":{"line":5,"column":66}}]},"2":{"loc":{"start":{"line":6,"column":27},"end":{"line":6,"column":67}},"type":"binary-expr","locations":[{"start":{"line":6,"column":27},"end":{"line":6,"column":50}},{"start":{"line":6,"column":54},"end":{"line":6,"column":67}}]},"3":{"loc":{"start":{"line":9,"column":28},"end":{"line":9,"column":78}},"type":"binary-expr","locations":[{"start":{"line":9,"column":28},"end":{"line":9,"column":52}},{"start":{"line":9,"column":56},"end":{"line":9,"column":78}}]},"4":{"loc":{"start":{"line":10,"column":22},"end":{"line":10,"column":60}},"type":"binary-expr","locations":[{"start":{"line":10,"column":22},"end":{"line":10,"column":40}},{"start":{"line":10,"column":44},"end":{"line":10,"column":60}}]},"5":{"loc":{"start":{"line":12,"column":32},"end":{"line":12,"column":90}},"type":"binary-expr","locations":[{"start":{"line":12,"column":32},"end":{"line":12,"column":60}},{"start":{"line":12,"column":64},"end":{"line":12,"column":90}}]},"6":{"loc":{"start":{"line":13,"column":30},"end":{"line":13,"column":84}},"type":"binary-expr","locations":[{"start":{"line":13,"column":30},"end":{"line":13,"column":56}},{"start":{"line":13,"column":60},"end":{"line":13,"column":84}}]},"7":{"loc":{"start":{"line":14,"column":28},"end":{"line":14,"column":78}},"type":"binary-expr","locations":[{"start":{"line":14,"column":28},"end":{"line":14,"column":52}},{"start":{"line":14,"column":56},"end":{"line":14,"column":78}}]},"8":{"loc":{"start":{"line":16,"column":2},"end":{"line":16,"column":64}},"type":"binary-expr","locations":[{"start":{"line":16,"column":2},"end":{"line":16,"column":32}},{"start":{"line":16,"column":36},"end":{"line":16,"column":64}}]},"9":{"loc":{"start":{"line":18,"column":2},"end":{"line":18,"column":64}},"type":"binary-expr","locations":[{"start":{"line":18,"column":2},"end":{"line":18,"column":32}},{"start":{"line":18,"column":36},"end":{"line":18,"column":64}}]},"10":{"loc":{"start":{"line":20,"column":31},"end":{"line":20,"column":75}},"type":"cond-expr","locations":[{"start":{"line":20,"column":61},"end":{"line":20,"column":67}},{"start":{"line":20,"column":70},"end":{"line":20,"column":75}}]},"11":{"loc":{"start":{"line":22,"column":25},"end":{"line":22,"column":69}},"type":"binary-expr","locations":[{"start":{"line":22,"column":25},"end":{"line":22,"column":46}},{"start":{"line":22,"column":50},"end":{"line":22,"column":69}}]},"12":{"loc":{"start":{"line":24,"column":25},"end":{"line":24,"column":69}},"type":"binary-expr","locations":[{"start":{"line":24,"column":25},"end":{"line":24,"column":46}},{"start":{"line":24,"column":50},"end":{"line":24,"column":69}}]},"13":{"loc":{"start":{"line":26,"column":28},"end":{"line":26,"column":78}},"type":"binary-expr","locations":[{"start":{"line":26,"column":28},"end":{"line":26,"column":52}},{"start":{"line":26,"column":56},"end":{"line":26,"column":78}}]},"14":{"loc":{"start":{"line":27,"column":34},"end":{"line":27,"column":96}},"type":"binary-expr","locations":[{"start":{"line":27,"column":34},"end":{"line":27,"column":64}},{"start":{"line":27,"column":68},"end":{"line":27,"column":96}}]},"15":{"loc":{"start":{"line":28,"column":38},"end":{"line":28,"column":108}},"type":"binary-expr","locations":[{"start":{"line":28,"column":38},"end":{"line":28,"column":72}},{"start":{"line":28,"column":76},"end":{"line":28,"column":108}}]},"16":{"loc":{"start":{"line":30,"column":26},"end":{"line":30,"column":72}},"type":"binary-expr","locations":[{"start":{"line":30,"column":26},"end":{"line":30,"column":48}},{"start":{"line":30,"column":52},"end":{"line":30,"column":72}}]}},"s":{"0":3,"1":3,"2":3,"3":3,"4":3,"5":3,"6":3,"7":3,"8":3,"9":3,"10":3,"11":3,"12":3,"13":3,"14":3,"15":3,"16":3,"17":3,"18":3},"f":{},"b":{"0":[3,0],"1":[3,0],"2":[3,0],"3":[3,0],"4":[3,0],"5":[3,0],"6":[3,0],"7":[3,0],"8":[3,0],"9":[3,0],"10":[0,3],"11":[3,0],"12":[3,0],"13":[3,0],"14":[3,0],"15":[3,0],"16":[3,0]}}
,"/workspaces/mobility-scooter-web-app/apps/api/src/config/http-codes.ts": {"path":"/workspaces/mobility-scooter-web-app/apps/api/src/config/http-codes.ts","statementMap":{"0":{"start":{"line":1,"column":0},"end":{"line":1,"column":null}},"1":{"start":{"line":2,"column":2},"end":{"line":2,"column":null}},"2":{"start":{"line":3,"column":2},"end":{"line":3,"column":null}},"3":{"start":{"line":4,"column":2},"end":{"line":4,"column":null}},"4":{"start":{"line":5,"column":2},"end":{"line":5,"column":null}},"5":{"start":{"line":6,"column":2},"end":{"line":6,"column":null}},"6":{"start":{"line":7,"column":2},"end":{"line":7,"column":null}},"7":{"start":{"line":8,"column":2},"end":{"line":8,"column":null}},"8":{"start":{"line":9,"column":2},"end":{"line":9,"column":null}},"9":{"start":{"line":10,"column":2},"end":{"line":10,"column":null}},"10":{"start":{"line":11,"column":2},"end":{"line":11,"column":null}},"11":{"start":{"line":12,"column":2},"end":{"line":12,"column":null}},"12":{"start":{"line":13,"column":2},"end":{"line":13,"column":null}},"13":{"start":{"line":14,"column":2},"end":{"line":14,"column":null}}},"fnMap":{"0":{"name":"(anonymous_0)","decl":{"start":{"line":1,"column":0},"end":{"line":1,"column":12}},"loc":{"start":{"line":1,"column":22},"end":{"line":15,"column":1}}}},"branchMap":{"0":{"loc":{"start":{"line":1,"column":12},"end":{"line":1,"column":null}},"type":"binary-expr","locations":[{"start":{"line":1,"column":12},"end":{"line":1,"column":22}},{"start":{"line":1,"column":22},"end":{"line":1,"column":null}}]}},"s":{"0":5,"1":5,"2":5,"3":5,"4":5,"5":5,"6":5,"7":5,"8":5,"9":5,"10":5,"11":5,"12":5,"13":5},"f":{"0":5},"b":{"0":[5,5]}}
,"/workspaces/mobility-scooter-web-app/apps/api/src/db/schema/auth.ts": {"path":"/workspaces/mobility-scooter-web-app/apps/api/src/db/schema/auth.ts","statementMap":{"0":{"start":{"line":1,"column":0},"end":{"line":1,"column":34}},"1":{"start":{"line":2,"column":0},"end":{"line":2,"column":null}},"2":{"start":{"line":13,"column":0},"end":{"line":13,"column":34}},"3":{"start":{"line":15,"column":13},"end":{"line":15,"column":37}},"4":{"start":{"line":17,"column":13},"end":{"line":17,"column":58}},"5":{"start":{"line":18,"column":13},"end":{"line":18,"column":45}},"6":{"start":{"line":20,"column":13},"end":{"line":29,"column":3}},"7":{"start":{"line":31,"column":13},"end":{"line":74,"column":2}},"8":{"start":{"line":36,"column":24},"end":{"line":36,"column":32}},"9":{"start":{"line":48,"column":8},"end":{"line":73,"column":null}},"10":{"start":{"line":76,"column":13},"end":{"line":76,"column":63}},"11":{"start":{"line":78,"column":13},"end":{"line":111,"column":2}},"12":{"start":{"line":83,"column":24},"end":{"line":83,"column":32}},"13":{"start":{"line":91,"column":8},"end":{"line":110,"column":null}},"14":{"start":{"line":113,"column":13},"end":{"line":144,"column":2}},"15":{"start":{"line":118,"column":24},"end":{"line":118,"column":32}},"16":{"start":{"line":124,"column":8},"end":{"line":143,"column":null}},"17":{"start":{"line":146,"column":13},"end":{"line":176,"column":2}},"18":{"start":{"line":151,"column":24},"end":{"line":151,"column":32}},"19":{"start":{"line":154,"column":24},"end":{"line":154,"column":35}},"20":{"start":{"line":162,"column":8},"end":{"line":175,"column":null}},"21":{"start":{"line":178,"column":13},"end":{"line":219,"column":2}},"22":{"start":{"line":183,"column":24},"end":{"line":183,"column":32}},"23":{"start":{"line":190,"column":8},"end":{"line":218,"column":null}}},"fnMap":{"0":{"name":"(anonymous_0)","decl":{"start":{"line":36,"column":18},"end":{"line":36,"column":21}},"loc":{"start":{"line":36,"column":24},"end":{"line":36,"column":32}}},"1":{"name":"(anonymous_1)","decl":{"start":{"line":48,"column":2},"end":{"line":48,"column":5}},"loc":{"start":{"line":48,"column":8},"end":{"line":73,"column":null}}},"2":{"name":"(anonymous_2)","decl":{"start":{"line":83,"column":18},"end":{"line":83,"column":21}},"loc":{"start":{"line":83,"column":24},"end":{"line":83,"column":32}}},"3":{"name":"(anonymous_3)","decl":{"start":{"line":91,"column":2},"end":{"line":91,"column":5}},"loc":{"start":{"line":91,"column":8},"end":{"line":110,"column":null}}},"4":{"name":"(anonymous_4)","decl":{"start":{"line":118,"column":18},"end":{"line":118,"column":21}},"loc":{"start":{"line":118,"column":24},"end":{"line":118,"column":32}}},"5":{"name":"(anonymous_5)","decl":{"start":{"line":124,"column":2},"end":{"line":124,"column":5}},"loc":{"start":{"line":124,"column":8},"end":{"line":143,"column":null}}},"6":{"name":"(anonymous_6)","decl":{"start":{"line":151,"column":18},"end":{"line":151,"column":21}},"loc":{"start":{"line":151,"column":24},"end":{"line":151,"column":32}}},"7":{"name":"(anonymous_7)","decl":{"start":{"line":154,"column":18},"end":{"line":154,"column":21}},"loc":{"start":{"line":154,"column":24},"end":{"line":154,"column":35}}},"8":{"name":"(anonymous_8)","decl":{"start":{"line":162,"column":2},"end":{"line":162,"column":5}},"loc":{"start":{"line":162,"column":8},"end":{"line":175,"column":null}}},"9":{"name":"(anonymous_9)","decl":{"start":{"line":183,"column":18},"end":{"line":183,"column":21}},"loc":{"start":{"line":183,"column":24},"end":{"line":183,"column":32}}},"10":{"name":"(anonymous_10)","decl":{"start":{"line":190,"column":2},"end":{"line":190,"column":5}},"loc":{"start":{"line":190,"column":8},"end":{"line":218,"column":null}}}},"branchMap":{},"s":{"0":4,"1":4,"2":4,"3":4,"4":4,"5":4,"6":4,"7":4,"8":0,"9":2,"10":4,"11":4,"12":0,"13":2,"14":4,"15":0,"16":2,"17":4,"18":0,"19":0,"20":2,"21":4,"22":0,"23":2},"f":{"0":0,"1":2,"2":0,"3":2,"4":0,"5":2,"6":0,"7":0,"8":2,"9":0,"10":2},"b":{}}
,"/workspaces/mobility-scooter-web-app/apps/api/src/db/schema/storage.ts": {"path":"/workspaces/mobility-scooter-web-app/apps/api/src/db/schema/storage.ts","statementMap":{"0":{"start":{"line":1,"column":0},"end":{"line":1,"column":null}},"1":{"start":{"line":14,"column":13},"end":{"line":14,"column":43}},"2":{"start":{"line":15,"column":13},"end":{"line":22,"column":3}},"3":{"start":{"line":24,"column":13},"end":{"line":36,"column":3}},"4":{"start":{"line":28,"column":22},"end":{"line":28,"column":31}},"5":{"start":{"line":38,"column":13},"end":{"line":44,"column":3}},"6":{"start":{"line":46,"column":13},"end":{"line":56,"column":null}},"7":{"start":{"line":49,"column":22},"end":{"line":49,"column":37}},"8":{"start":{"line":58,"column":13},"end":{"line":69,"column":null}},"9":{"start":{"line":61,"column":22},"end":{"line":61,"column":37}}},"fnMap":{"0":{"name":"(anonymous_0)","decl":{"start":{"line":28,"column":16},"end":{"line":28,"column":19}},"loc":{"start":{"line":28,"column":22},"end":{"line":28,"column":31}}},"1":{"name":"(anonymous_1)","decl":{"start":{"line":49,"column":16},"end":{"line":49,"column":19}},"loc":{"start":{"line":49,"column":22},"end":{"line":49,"column":37}}},"2":{"name":"(anonymous_2)","decl":{"start":{"line":61,"column":16},"end":{"line":61,"column":19}},"loc":{"start":{"line":61,"column":22},"end":{"line":61,"column":37}}}},"branchMap":{},"s":{"0":2,"1":2,"2":2,"3":2,"4":0,"5":2,"6":2,"7":0,"8":2,"9":0},"f":{"0":0,"1":0,"2":0},"b":{}}
,"/workspaces/mobility-scooter-web-app/apps/api/src/db/schema/tenants.ts": {"path":"/workspaces/mobility-scooter-web-app/apps/api/src/db/schema/tenants.ts","statementMap":{"0":{"start":{"line":1,"column":0},"end":{"line":1,"column":70}},"1":{"start":{"line":3,"column":13},"end":{"line":3,"column":43}},"2":{"start":{"line":5,"column":13},"end":{"line":11,"column":3}},"3":{"start":{"line":13,"column":13},"end":{"line":22,"column":3}},"4":{"start":{"line":16,"column":22},"end":{"line":16,"column":33}}},"fnMap":{"0":{"name":"(anonymous_0)","decl":{"start":{"line":16,"column":16},"end":{"line":16,"column":19}},"loc":{"start":{"line":16,"column":22},"end":{"line":16,"column":33}}}},"branchMap":{},"s":{"0":4,"1":4,"2":4,"3":4,"4":0},"f":{"0":0},"b":{}}
,"/workspaces/mobility-scooter-web-app/apps/api/src/handlers/units/index.ts": {"path":"/workspaces/mobility-scooter-web-app/apps/api/src/handlers/units/index.ts","statementMap":{"0":{"start":{"line":1,"column":0},"end":{"line":1,"column":28}},"1":{"start":{"line":3,"column":0},"end":{"line":3,"column":49}},"2":{"start":{"line":4,"column":0},"end":{"line":4,"column":44}},"3":{"start":{"line":5,"column":0},"end":{"line":5,"column":52}},"4":{"start":{"line":6,"column":0},"end":{"line":6,"column":null}},"5":{"start":{"line":13,"column":0},"end":{"line":13,"column":58}},"6":{"start":{"line":34,"column":12},"end":{"line":34,"column":48}},"7":{"start":{"line":37,"column":0},"end":{"line":37,"column":59}},"8":{"start":{"line":38,"column":0},"end":{"line":38,"column":65}},"9":{"start":{"line":39,"column":0},"end":{"line":39,"column":73}},"10":{"start":{"line":40,"column":0},"end":{"line":40,"column":55}},"11":{"start":{"line":41,"column":0},"end":{"line":41,"column":69}},"12":{"start":{"line":42,"column":0},"end":{"line":42,"column":86}},"13":{"start":{"line":55,"column":0},"end":{"line":66,"column":3}},"14":{"start":{"line":56,"column":23},"end":{"line":56,"column":36}},"15":{"start":{"line":57,"column":15},"end":{"line":57,"column":76}},"16":{"start":{"line":57,"column":72},"end":{"line":57,"column":74}},"17":{"start":{"line":58,"column":2},"end":{"line":65,"column":3}},"18":{"start":{"line":59,"column":24},"end":{"line":59,"column":48}},"19":{"start":{"line":60,"column":17},"end":{"line":60,"column":68}},"20":{"start":{"line":61,"column":4},"end":{"line":61,"column":29}},"21":{"start":{"line":63,"column":4},"end":{"line":63,"column":40}},"22":{"start":{"line":63,"column":32},"end":{"line":63,"column":40}},"23":{"start":{"line":64,"column":4},"end":{"line":64,"column":86}},"24":{"start":{"line":79,"column":0},"end":{"line":89,"column":3}},"25":{"start":{"line":80,"column":21},"end":{"line":80,"column":34}},"26":{"start":{"line":81,"column":15},"end":{"line":81,"column":76}},"27":{"start":{"line":81,"column":72},"end":{"line":81,"column":74}},"28":{"start":{"line":82,"column":2},"end":{"line":88,"column":3}},"29":{"start":{"line":83,"column":20},"end":{"line":83,"column":62}},"30":{"start":{"line":84,"column":4},"end":{"line":84,"column":32}},"31":{"start":{"line":86,"column":4},"end":{"line":86,"column":40}},"32":{"start":{"line":86,"column":32},"end":{"line":86,"column":40}},"33":{"start":{"line":87,"column":4},"end":{"line":87,"column":86}},"34":{"start":{"line":101,"column":0},"end":{"line":110,"column":3}},"35":{"start":{"line":102,"column":31},"end":{"line":102,"column":44}},"36":{"start":{"line":103,"column":2},"end":{"line":109,"column":3}},"37":{"start":{"line":104,"column":18},"end":{"line":104,"column":71}},"38":{"start":{"line":105,"column":4},"end":{"line":105,"column":34}},"39":{"start":{"line":107,"column":4},"end":{"line":107,"column":40}},"40":{"start":{"line":107,"column":32},"end":{"line":107,"column":40}},"41":{"start":{"line":108,"column":4},"end":{"line":108,"column":92}},"42":{"start":{"line":123,"column":0},"end":{"line":141,"column":3}},"43":{"start":{"line":124,"column":17},"end":{"line":124,"column":43}},"44":{"start":{"line":125,"column":15},"end":{"line":125,"column":78}},"45":{"start":{"line":125,"column":74},"end":{"line":125,"column":76}},"46":{"start":{"line":126,"column":17},"end":{"line":126,"column":28}},"47":{"start":{"line":128,"column":2},"end":{"line":130,"column":3}},"48":{"start":{"line":129,"column":4},"end":{"line":129,"column":71}},"49":{"start":{"line":131,"column":2},"end":{"line":133,"column":3}},"50":{"start":{"line":132,"column":4},"end":{"line":132,"column":80}},"51":{"start":{"line":134,"column":2},"end":{"line":140,"column":3}},"52":{"start":{"line":135,"column":19},"end":{"line":135,"column":64}},"53":{"start":{"line":136,"column":4},"end":{"line":136,"column":31}},"54":{"start":{"line":138,"column":4},"end":{"line":138,"column":40}},"55":{"start":{"line":138,"column":32},"end":{"line":138,"column":40}},"56":{"start":{"line":139,"column":4},"end":{"line":139,"column":88}},"57":{"start":{"line":156,"column":0},"end":{"line":176,"column":3}},"58":{"start":{"line":157,"column":21},"end":{"line":157,"column":34}},"59":{"start":{"line":158,"column":19},"end":{"line":158,"column":46}},"60":{"start":{"line":159,"column":16},"end":{"line":159,"column":58}},"61":{"start":{"line":160,"column":17},"end":{"line":160,"column":59}},"62":{"start":{"line":162,"column":17},"end":{"line":164,"column":64}},"63":{"start":{"line":163,"column":16},"end":{"line":163,"column":24}},"64":{"start":{"line":164,"column":36},"end":{"line":164,"column":51}},"65":{"start":{"line":165,"column":2},"end":{"line":175,"column":3}},"66":{"start":{"line":166,"column":18},"end":{"line":166,"column":75}},"67":{"start":{"line":167,"column":4},"end":{"line":167,"column":34}},"68":{"start":{"line":169,"column":4},"end":{"line":169,"column":40}},"69":{"start":{"line":169,"column":32},"end":{"line":169,"column":40}},"70":{"start":{"line":170,"column":4},"end":{"line":174,"column":6}},"71":{"start":{"line":189,"column":0},"end":{"line":200,"column":3}},"72":{"start":{"line":190,"column":29},"end":{"line":190,"column":42}},"73":{"start":{"line":191,"column":2},"end":{"line":199,"column":3}},"74":{"start":{"line":194,"column":4},"end":{"line":194,"column":49}},"75":{"start":{"line":195,"column":4},"end":{"line":195,"column":29}},"76":{"start":{"line":197,"column":4},"end":{"line":197,"column":40}},"77":{"start":{"line":197,"column":32},"end":{"line":197,"column":40}},"78":{"start":{"line":198,"column":4},"end":{"line":198,"column":96}},"79":{"start":{"line":202,"column":0},"end":{"line":202,"column":19}}},"fnMap":{"0":{"name":"(anonymous_0)","decl":{"start":{"line":55,"column":36},"end":{"line":55,"column":41}},"loc":{"start":{"line":55,"column":48},"end":{"line":66,"column":1}}},"1":{"name":"(anonymous_1)","decl":{"start":{"line":57,"column":65},"end":{"line":57,"column":68}},"loc":{"start":{"line":57,"column":72},"end":{"line":57,"column":74}}},"2":{"name":"(anonymous_2)","decl":{"start":{"line":79,"column":42},"end":{"line":79,"column":47}},"loc":{"start":{"line":79,"column":54},"end":{"line":89,"column":1}}},"3":{"name":"(anonymous_3)","decl":{"start":{"line":81,"column":65},"end":{"line":81,"column":68}},"loc":{"start":{"line":81,"column":72},"end":{"line":81,"column":74}}},"4":{"name":"(anonymous_4)","decl":{"start":{"line":101,"column":50},"end":{"line":101,"column":55}},"loc":{"start":{"line":101,"column":62},"end":{"line":110,"column":1}}},"5":{"name":"(anonymous_5)","decl":{"start":{"line":123,"column":32},"end":{"line":123,"column":37}},"loc":{"start":{"line":123,"column":44},"end":{"line":141,"column":1}}},"6":{"name":"(anonymous_6)","decl":{"start":{"line":125,"column":67},"end":{"line":125,"column":70}},"loc":{"start":{"line":125,"column":74},"end":{"line":125,"column":76}}},"7":{"name":"(anonymous_7)","decl":{"start":{"line":156,"column":48},"end":{"line":156,"column":53}},"loc":{"start":{"line":156,"column":60},"end":{"line":176,"column":1}}},"8":{"name":"(anonymous_8)","decl":{"start":{"line":163,"column":9},"end":{"line":163,"column":10}},"loc":{"start":{"line":163,"column":16},"end":{"line":163,"column":24}}},"9":{"name":"(anonymous_9)","decl":{"start":{"line":164,"column":12},"end":{"line":164,"column":13}},"loc":{"start":{"line":164,"column":36},"end":{"line":164,"column":51}}},"10":{"name":"(anonymous_10)","decl":{"start":{"line":189,"column":59},"end":{"line":189,"column":64}},"loc":{"start":{"line":189,"column":71},"end":{"line":200,"column":1}}}},"branchMap":{"0":{"loc":{"start":{"line":59,"column":24},"end":{"line":59,"column":48}},"type":"binary-expr","locations":[{"start":{"line":59,"column":24},"end":{"line":59,"column":40}},{"start":{"line":59,"column":44},"end":{"line":59,"column":48}}]},"1":{"loc":{"start":{"line":63,"column":4},"end":{"line":63,"column":40}},"type":"if","locations":[{"start":{"line":63,"column":4},"end":{"line":63,"column":40}}]},"2":{"loc":{"start":{"line":86,"column":4},"end":{"line":86,"column":40}},"type":"if","locations":[{"start":{"line":86,"column":4},"end":{"line":86,"column":40}}]},"3":{"loc":{"start":{"line":107,"column":4},"end":{"line":107,"column":40}},"type":"if","locations":[{"start":{"line":107,"column":4},"end":{"line":107,"column":40}}]},"4":{"loc":{"start":{"line":124,"column":17},"end":{"line":124,"column":43}},"type":"binary-expr","locations":[{"start":{"line":124,"column":17},"end":{"line":124,"column":37}},{"start":{"line":124,"column":41},"end":{"line":124,"column":43}}]},"5":{"loc":{"start":{"line":128,"column":2},"end":{"line":130,"column":3}},"type":"if","locations":[{"start":{"line":128,"column":2},"end":{"line":130,"column":3}}]},"6":{"loc":{"start":{"line":131,"column":2},"end":{"line":133,"column":3}},"type":"if","locations":[{"start":{"line":131,"column":2},"end":{"line":133,"column":3}}]},"7":{"loc":{"start":{"line":138,"column":4},"end":{"line":138,"column":40}},"type":"if","locations":[{"start":{"line":138,"column":4},"end":{"line":138,"column":40}}]},"8":{"loc":{"start":{"line":158,"column":19},"end":{"line":158,"column":46}},"type":"binary-expr","locations":[{"start":{"line":158,"column":19},"end":{"line":158,"column":40}},{"start":{"line":158,"column":44},"end":{"line":158,"column":46}}]},"9":{"loc":{"start":{"line":159,"column":25},"end":{"line":159,"column":53}},"type":"binary-expr","locations":[{"start":{"line":159,"column":25},"end":{"line":159,"column":45}},{"start":{"line":159,"column":49},"end":{"line":159,"column":53}}]},"10":{"loc":{"start":{"line":160,"column":26},"end":{"line":160,"column":54}},"type":"binary-expr","locations":[{"start":{"line":160,"column":26},"end":{"line":160,"column":47}},{"start":{"line":160,"column":51},"end":{"line":160,"column":54}}]},"11":{"loc":{"start":{"line":162,"column":17},"end":{"line":164,"column":64}},"type":"cond-expr","locations":[{"start":{"line":162,"column":28},"end":{"line":164,"column":52}},{"start":{"line":164,"column":55},"end":{"line":164,"column":64}}]},"12":{"loc":{"start":{"line":169,"column":4},"end":{"line":169,"column":40}},"type":"if","locations":[{"start":{"line":169,"column":4},"end":{"line":169,"column":40}}]},"13":{"loc":{"start":{"line":197,"column":4},"end":{"line":197,"column":40}},"type":"if","locations":[{"start":{"line":197,"column":4},"end":{"line":197,"column":40}}]}},"s":{"0":1,"1":1,"2":1,"3":1,"4":1,"5":1,"6":1,"7":1,"8":1,"9":1,"10":1,"11":1,"12":1,"13":1,"14":9,"15":9,"16":1,"17":9,"18":9,"19":9,"20":7,"21":2,"22":1,"23":1,"24":1,"25":2,"26":2,"27":0,"28":2,"29":2,"30":2,"31":0,"32":0,"33":0,"34":1,"35":2,"36":2,"37":2,"38":1,"39":1,"40":1,"41":0,"42":1,"43":4,"44":4,"45":0,"46":4,"47":4,"48":1,"49":3,"50":1,"51":2,"52":2,"53":1,"54":1,"55":1,"56":0,"57":1,"58":6,"59":6,"60":6,"61":6,"62":6,"63":6,"64":6,"65":6,"66":6,"67":5,"68":1,"69":1,"70":0,"71":1,"72":3,"73":3,"74":3,"75":1,"76":2,"77":2,"78":0,"79":1},"f":{"0":9,"1":1,"2":2,"3":0,"4":2,"5":4,"6":0,"7":6,"8":6,"9":6,"10":3},"b":{"0":[9,8],"1":[1],"2":[0],"3":[1],"4":[4,1],"5":[1],"6":[1],"7":[1],"8":[6,4],"9":[6,4],"10":[6,4],"11":[2,4],"12":[1],"13":[2]}}
,"/workspaces/mobility-scooter-web-app/apps/api/src/lib/errors.ts": {"path":"/workspaces/mobility-scooter-web-app/apps/api/src/lib/errors.ts","statementMap":{"0":{"start":{"line":1,"column":0},"end":{"line":1,"column":60}},"1":{"start":{"line":2,"column":0},"end":{"line":2,"column":52}},"2":{"start":{"line":25,"column":20},"end":{"line":30,"column":10}},"3":{"start":{"line":32,"column":8},"end":{"line":34,"column":9}},"4":{"start":{"line":33,"column":12},"end":{"line":33,"column":68}},"5":{"start":{"line":36,"column":24},"end":{"line":36,"column":73}},"6":{"start":{"line":37,"column":8},"end":{"line":37,"column":31}},"7":{"start":{"line":17,"column":0},"end":{"line":17,"column":13}}},"fnMap":{"0":{"name":"(anonymous_0)","decl":{"start":{"line":18,"column":4},"end":{"line":18,"column":null}},"loc":{"start":{"line":23,"column":25},"end":{"line":38,"column":5}}}},"branchMap":{"0":{"loc":{"start":{"line":27,"column":19},"end":{"line":27,"column":50}},"type":"binary-expr","locations":[{"start":{"line":27,"column":19},"end":{"line":27,"column":32}},{"start":{"line":27,"column":36},"end":{"line":27,"column":50}}]},"1":{"loc":{"start":{"line":32,"column":8},"end":{"line":34,"column":9}},"type":"if","locations":[{"start":{"line":32,"column":8},"end":{"line":34,"column":9}}]}},"s":{"0":5,"1":5,"2":21,"3":21,"4":21,"5":21,"6":21,"7":5},"f":{"0":21},"b":{"0":[21,0],"1":[21]}}
,"/workspaces/mobility-scooter-web-app/apps/api/src/lib/jwt.ts": {"path":"/workspaces/mobility-scooter-web-app/apps/api/src/lib/jwt.ts","statementMap":{"0":{"start":{"line":1,"column":0},"end":{"line":1,"column":47}},"1":{"start":{"line":2,"column":0},"end":{"line":2,"column":32}},"2":{"start":{"line":3,"column":0},"end":{"line":3,"column":37}},"3":{"start":{"line":4,"column":0},"end":{"line":4,"column":52}},"4":{"start":{"line":12,"column":23},"end":{"line":22,"column":1}},"5":{"start":{"line":13,"column":2},"end":{"line":21,"column":3}},"6":{"start":{"line":14,"column":4},"end":{"line":14,"column":43}},"7":{"start":{"line":16,"column":4},"end":{"line":20,"column":6}},"8":{"start":{"line":12,"column":13},"end":{"line":12,"column":23}}},"fnMap":{"0":{"name":"(anonymous_0)","decl":{"start":{"line":12,"column":23},"end":{"line":12,"column":28}},"loc":{"start":{"line":12,"column":66},"end":{"line":22,"column":1}}}},"branchMap":{},"s":{"0":2,"1":2,"2":2,"3":2,"4":2,"5":0,"6":0,"7":0,"8":2},"f":{"0":0},"b":{}}
,"/workspaces/mobility-scooter-web-app/apps/api/src/middleware/db.ts": {"path":"/workspaces/mobility-scooter-web-app/apps/api/src/middleware/db.ts","statementMap":{"0":{"start":{"line":1,"column":0},"end":{"line":1,"column":49}},"1":{"start":{"line":2,"column":0},"end":{"line":2,"column":52}},"2":{"start":{"line":3,"column":0},"end":{"line":3,"column":34}},"3":{"start":{"line":4,"column":0},"end":{"line":4,"column":52}},"4":{"start":{"line":6,"column":0},"end":{"line":6,"column":44}},"5":{"start":{"line":7,"column":0},"end":{"line":7,"column":49}},"6":{"start":{"line":8,"column":0},"end":{"line":8,"column":50}},"7":{"start":{"line":9,"column":0},"end":{"line":9,"column":44}},"8":{"start":{"line":10,"column":0},"end":{"line":10,"column":40}},"9":{"start":{"line":27,"column":28},"end":{"line":56,"column":1}},"10":{"start":{"line":28,"column":17},"end":{"line":28,"column":32}},"11":{"start":{"line":30,"column":13},"end":{"line":34,"column":4}},"12":{"start":{"line":36,"column":2},"end":{"line":51,"column":3}},"13":{"start":{"line":37,"column":4},"end":{"line":44,"column":5}},"14":{"start":{"line":38,"column":6},"end":{"line":41,"column":9}},"15":{"start":{"line":39,"column":8},"end":{"line":39,"column":53}},"16":{"start":{"line":40,"column":8},"end":{"line":40,"column":53}},"17":{"start":{"line":43,"column":6},"end":{"line":43,"column":53}},"18":{"start":{"line":46,"column":4},"end":{"line":50,"column":6}},"19":{"start":{"line":53,"column":2},"end":{"line":53,"column":18}},"20":{"start":{"line":55,"column":2},"end":{"line":55,"column":15}},"21":{"start":{"line":27,"column":13},"end":{"line":27,"column":28}},"22":{"start":{"line":59,"column":13},"end":{"line":62,"column":3}}},"fnMap":{"0":{"name":"(anonymous_9)","decl":{"start":{"line":27,"column":28},"end":{"line":27,"column":33}},"loc":{"start":{"line":27,"column":61},"end":{"line":56,"column":1}}},"1":{"name":"(anonymous_10)","decl":{"start":{"line":38,"column":27},"end":{"line":38,"column":32}},"loc":{"start":{"line":38,"column":40},"end":{"line":41,"column":7}}}},"branchMap":{"0":{"loc":{"start":{"line":37,"column":4},"end":{"line":44,"column":5}},"type":"if","locations":[{"start":{"line":37,"column":4},"end":{"line":44,"column":5}},{"start":{"line":42,"column":11},"end":{"line":44,"column":5}}]}},"s":{"0":2,"1":2,"2":2,"3":2,"4":2,"5":2,"6":2,"7":2,"8":2,"9":2,"10":0,"11":0,"12":0,"13":0,"14":0,"15":0,"16":0,"17":0,"18":0,"19":0,"20":0,"21":2,"22":2},"f":{"0":0,"1":0},"b":{"0":[0,0]}}
,"/workspaces/mobility-scooter-web-app/apps/api/src/repositories/tenants/unit.ts": {"path":"/workspaces/mobility-scooter-web-app/apps/api/src/repositories/tenants/unit.ts","statementMap":{"0":{"start":{"line":1,"column":0},"end":{"line":1,"column":61}},"1":{"start":{"line":2,"column":0},"end":{"line":2,"column":58}},"2":{"start":{"line":4,"column":0},"end":{"line":4,"column":50}},"3":{"start":{"line":5,"column":0},"end":{"line":5,"column":44}},"4":{"start":{"line":6,"column":0},"end":{"line":6,"column":52}},"5":{"start":{"line":32,"column":26},"end":{"line":52,"column":1}},"6":{"start":{"line":36,"column":2},"end":{"line":51,"column":3}},"7":{"start":{"line":37,"column":19},"end":{"line":43,"column":18}},"8":{"start":{"line":44,"column":4},"end":{"line":44,"column":21}},"9":{"start":{"line":46,"column":4},"end":{"line":50,"column":6}},"10":{"start":{"line":32,"column":13},"end":{"line":32,"column":26}},"11":{"start":{"line":66,"column":26},"end":{"line":85,"column":1}},"12":{"start":{"line":71,"column":2},"end":{"line":84,"column":3}},"13":{"start":{"line":72,"column":19},"end":{"line":76,"column":18}},"14":{"start":{"line":77,"column":4},"end":{"line":77,"column":21}},"15":{"start":{"line":79,"column":4},"end":{"line":83,"column":6}},"16":{"start":{"line":66,"column":13},"end":{"line":66,"column":26}},"17":{"start":{"line":102,"column":30},"end":{"line":136,"column":1}},"18":{"start":{"line":111,"column":2},"end":{"line":135,"column":3}},"19":{"start":{"line":112,"column":25},"end":{"line":114,"column":12}},"20":{"start":{"line":113,"column":8},"end":{"line":113,"column":54}},"21":{"start":{"line":116,"column":17},"end":{"line":126,"column":21}},"22":{"start":{"line":128,"column":4},"end":{"line":128,"column":16}},"23":{"start":{"line":130,"column":4},"end":{"line":134,"column":6}},"24":{"start":{"line":102,"column":13},"end":{"line":102,"column":30}},"25":{"start":{"line":148,"column":34},"end":{"line":189,"column":1}},"26":{"start":{"line":149,"column":2},"end":{"line":188,"column":3}},"27":{"start":{"line":151,"column":17},"end":{"line":161,"column":15}},"28":{"start":{"line":163,"column":4},"end":{"line":166,"column":5}},"29":{"start":{"line":165,"column":6},"end":{"line":165,"column":18}},"30":{"start":{"line":169,"column":19},"end":{"line":179,"column":18}},"31":{"start":{"line":181,"column":4},"end":{"line":181,"column":29}},"32":{"start":{"line":183,"column":4},"end":{"line":187,"column":6}},"33":{"start":{"line":148,"column":13},"end":{"line":148,"column":34}},"34":{"start":{"line":203,"column":29},"end":{"line":227,"column":1}},"35":{"start":{"line":208,"column":2},"end":{"line":226,"column":3}},"36":{"start":{"line":209,"column":20},"end":{"line":218,"column":18}},"37":{"start":{"line":219,"column":4},"end":{"line":219,"column":30}},"38":{"start":{"line":221,"column":4},"end":{"line":225,"column":6}},"39":{"start":{"line":203,"column":13},"end":{"line":203,"column":29}},"40":{"start":{"line":229,"column":13},"end":{"line":235,"column":2}}},"fnMap":{"0":{"name":"(anonymous_0)","decl":{"start":{"line":32,"column":26},"end":{"line":32,"column":31}},"loc":{"start":{"line":35,"column":19},"end":{"line":52,"column":1}}},"1":{"name":"(anonymous_1)","decl":{"start":{"line":66,"column":26},"end":{"line":66,"column":31}},"loc":{"start":{"line":70,"column":19},"end":{"line":85,"column":1}}},"2":{"name":"(anonymous_2)","decl":{"start":{"line":102,"column":30},"end":{"line":102,"column":35}},"loc":{"start":{"line":110,"column":30},"end":{"line":136,"column":1}}},"3":{"name":"(anonymous_3)","decl":{"start":{"line":112,"column":39},"end":{"line":112,"column":40}},"loc":{"start":{"line":112,"column":54},"end":{"line":114,"column":7}}},"4":{"name":"(anonymous_4)","decl":{"start":{"line":148,"column":34},"end":{"line":148,"column":39}},"loc":{"start":{"line":148,"column":112},"end":{"line":189,"column":1}}},"5":{"name":"(anonymous_5)","decl":{"start":{"line":203,"column":29},"end":{"line":203,"column":34}},"loc":{"start":{"line":207,"column":19},"end":{"line":227,"column":1}}}},"branchMap":{"0":{"loc":{"start":{"line":41,"column":21},"end":{"line":41,"column":48}},"type":"binary-expr","locations":[{"start":{"line":41,"column":21},"end":{"line":41,"column":40}},{"start":{"line":41,"column":44},"end":{"line":41,"column":48}}]},"1":{"loc":{"start":{"line":106,"column":4},"end":{"line":106,"column":53}},"type":"default-arg","locations":[{"start":{"line":106,"column":13},"end":{"line":106,"column":53}}]},"2":{"loc":{"start":{"line":107,"column":4},"end":{"line":107,"column":14}},"type":"default-arg","locations":[{"start":{"line":107,"column":12},"end":{"line":107,"column":14}}]},"3":{"loc":{"start":{"line":108,"column":4},"end":{"line":108,"column":14}},"type":"default-arg","locations":[{"start":{"line":108,"column":13},"end":{"line":108,"column":14}}]},"4":{"loc":{"start":{"line":163,"column":4},"end":{"line":166,"column":5}},"type":"if","locations":[{"start":{"line":163,"column":4},"end":{"line":166,"column":5}}]},"5":{"loc":{"start":{"line":181,"column":11},"end":{"line":181,"column":28}},"type":"binary-expr","locations":[{"start":{"line":181,"column":11},"end":{"line":181,"column":20}},{"start":{"line":181,"column":24},"end":{"line":181,"column":28}}]},"6":{"loc":{"start":{"line":219,"column":11},"end":{"line":219,"column":29}},"type":"binary-expr","locations":[{"start":{"line":219,"column":11},"end":{"line":219,"column":21}},{"start":{"line":219,"column":25},"end":{"line":219,"column":29}}]}},"s":{"0":2,"1":2,"2":2,"3":2,"4":2,"5":2,"6":0,"7":0,"8":0,"9":0,"10":2,"11":2,"12":0,"13":0,"14":0,"15":0,"16":2,"17":2,"18":0,"19":0,"20":0,"21":0,"22":0,"23":0,"24":2,"25":2,"26":0,"27":0,"28":0,"29":0,"30":0,"31":0,"32":0,"33":2,"34":2,"35":0,"36":0,"37":0,"38":0,"39":2,"40":2},"f":{"0":0,"1":0,"2":0,"3":0,"4":0,"5":0},"b":{"0":[0,0],"1":[0],"2":[0],"3":[0],"4":[0],"5":[0,0],"6":[0,0]}}
,"/workspaces/mobility-scooter-web-app/apps/api/src/services/db.ts": {"path":"/workspaces/mobility-scooter-web-app/apps/api/src/services/db.ts","statementMap":{"0":{"start":{"line":1,"column":0},"end":{"line":1,"column":53}},"1":{"start":{"line":2,"column":0},"end":{"line":2,"column":39}},"2":{"start":{"line":3,"column":0},"end":{"line":3,"column":20}},"3":{"start":{"line":4,"column":17},"end":{"line":4,"column":19}},"4":{"start":{"line":13,"column":7},"end":{"line":33,"column":null}},"5":{"start":{"line":18,"column":8},"end":{"line":20,"column":11}},"6":{"start":{"line":24,"column":8},"end":{"line":26,"column":9}},"7":{"start":{"line":25,"column":12},"end":{"line":25,"column":49}},"8":{"start":{"line":27,"column":8},"end":{"line":27,"column":34}},"9":{"start":{"line":31,"column":8},"end":{"line":31,"column":25}},"10":{"start":{"line":13,"column":13},"end":{"line":13,"column":22}},"11":{"start":{"line":13,"column":13},"end":{"line":33,"column":null}},"12":{"start":{"line":35,"column":13},"end":{"line":35,"column":54}}},"fnMap":{"0":{"name":"(anonymous_2)","decl":{"start":{"line":17,"column":4},"end":{"line":17,"column":null}},"loc":{"start":{"line":17,"column":4},"end":{"line":21,"column":5}}},"1":{"name":"(anonymous_3)","decl":{"start":{"line":23,"column":11},"end":{"line":23,"column":17}},"loc":{"start":{"line":23,"column":29},"end":{"line":28,"column":5}}},"2":{"name":"(anonymous_4)","decl":{"start":{"line":30,"column":11},"end":{"line":30,"column":18}},"loc":{"start":{"line":30,"column":18},"end":{"line":32,"column":5}}}},"branchMap":{"0":{"loc":{"start":{"line":24,"column":8},"end":{"line":26,"column":9}},"type":"if","locations":[{"start":{"line":24,"column":8},"end":{"line":26,"column":9}}]}},"s":{"0":2,"1":2,"2":2,"3":2,"4":2,"5":2,"6":2,"7":2,"8":2,"9":2,"10":2,"11":2,"12":2},"f":{"0":2,"1":2,"2":2},"b":{"0":[2]}}
,"/workspaces/mobility-scooter-web-app/apps/api/src/services/unit.ts": {"path":"/workspaces/mobility-scooter-web-app/apps/api/src/services/unit.ts","statementMap":{"0":{"start":{"line":1,"column":0},"end":{"line":1,"column":57}},"1":{"start":{"line":2,"column":0},"end":{"line":2,"column":64}},"2":{"start":{"line":3,"column":0},"end":{"line":3,"column":39}},"3":{"start":{"line":4,"column":0},"end":{"line":4,"column":47}},"4":{"start":{"line":5,"column":0},"end":{"line":5,"column":47}},"5":{"start":{"line":6,"column":0},"end":{"line":6,"column":44}},"6":{"start":{"line":7,"column":0},"end":{"line":7,"column":52}},"7":{"start":{"line":31,"column":4},"end":{"line":31,"column":31}},"8":{"start":{"line":38,"column":4},"end":{"line":42,"column":5}},"9":{"start":{"line":39,"column":6},"end":{"line":39,"column":81}},"10":{"start":{"line":41,"column":6},"end":{"line":41,"column":88}},"11":{"start":{"line":49,"column":4},"end":{"line":53,"column":5}},"12":{"start":{"line":50,"column":6},"end":{"line":50,"column":71}},"13":{"start":{"line":52,"column":6},"end":{"line":52,"column":88}},"14":{"start":{"line":60,"column":4},"end":{"line":64,"column":5}},"15":{"start":{"line":61,"column":6},"end":{"line":61,"column":73}},"16":{"start":{"line":63,"column":6},"end":{"line":63,"column":93}},"17":{"start":{"line":71,"column":4},"end":{"line":80,"column":5}},"18":{"start":{"line":72,"column":21},"end":{"line":72,"column":92}},"19":{"start":{"line":73,"column":6},"end":{"line":75,"column":7}},"20":{"start":{"line":74,"column":8},"end":{"line":74,"column":82}},"21":{"start":{"line":76,"column":6},"end":{"line":76,"column":18}},"22":{"start":{"line":78,"column":6},"end":{"line":78,"column":42}},"23":{"start":{"line":78,"column":34},"end":{"line":78,"column":42}},"24":{"start":{"line":79,"column":6},"end":{"line":79,"column":98}},"25":{"start":{"line":87,"column":4},"end":{"line":97,"column":5}},"26":{"start":{"line":88,"column":22},"end":{"line":93,"column":37}},"27":{"start":{"line":94,"column":6},"end":{"line":94,"column":36}},"28":{"start":{"line":96,"column":6},"end":{"line":96,"column":96}},"29":{"start":{"line":104,"column":4},"end":{"line":134,"column":5}},"30":{"start":{"line":107,"column":6},"end":{"line":116,"column":7}},"31":{"start":{"line":108,"column":8},"end":{"line":108,"column":75}},"32":{"start":{"line":111,"column":8},"end":{"line":113,"column":9}},"33":{"start":{"line":112,"column":10},"end":{"line":112,"column":86}},"34":{"start":{"line":115,"column":8},"end":{"line":115,"column":83}},"35":{"start":{"line":119,"column":35},"end":{"line":119,"column":42}},"36":{"start":{"line":120,"column":6},"end":{"line":122,"column":7}},"37":{"start":{"line":121,"column":8},"end":{"line":121,"column":90}},"38":{"start":{"line":125,"column":6},"end":{"line":127,"column":7}},"39":{"start":{"line":126,"column":8},"end":{"line":126,"column":83}},"40":{"start":{"line":129,"column":26},"end":{"line":129,"column":85}},"41":{"start":{"line":130,"column":6},"end":{"line":130,"column":53}},"42":{"start":{"line":132,"column":6},"end":{"line":132,"column":50}},"43":{"start":{"line":132,"column":38},"end":{"line":132,"column":50}},"44":{"start":{"line":133,"column":6},"end":{"line":133,"column":81}},"45":{"start":{"line":141,"column":4},"end":{"line":145,"column":5}},"46":{"start":{"line":142,"column":6},"end":{"line":142,"column":93}},"47":{"start":{"line":144,"column":6},"end":{"line":144,"column":97}},"48":{"start":{"line":27,"column":0},"end":{"line":27,"column":13}},"49":{"start":{"line":152,"column":13},"end":{"line":152,"column":45}}},"fnMap":{"0":{"name":"(anonymous_0)","decl":{"start":{"line":30,"column":2},"end":{"line":30,"column":14}},"loc":{"start":{"line":30,"column":21},"end":{"line":32,"column":3}}},"1":{"name":"(anonymous_1)","decl":{"start":{"line":37,"column":2},"end":{"line":37,"column":7}},"loc":{"start":{"line":37,"column":64},"end":{"line":43,"column":3}}},"2":{"name":"(anonymous_2)","decl":{"start":{"line":48,"column":2},"end":{"line":48,"column":7}},"loc":{"start":{"line":48,"column":83},"end":{"line":54,"column":3}}},"3":{"name":"(anonymous_3)","decl":{"start":{"line":59,"column":2},"end":{"line":59,"column":7}},"loc":{"start":{"line":59,"column":46},"end":{"line":65,"column":3}}},"4":{"name":"(anonymous_4)","decl":{"start":{"line":70,"column":2},"end":{"line":70,"column":7}},"loc":{"start":{"line":70,"column":56},"end":{"line":81,"column":3}}},"5":{"name":"(anonymous_5)","decl":{"start":{"line":86,"column":2},"end":{"line":86,"column":7}},"loc":{"start":{"line":86,"column":96},"end":{"line":98,"column":3}}},"6":{"name":"(anonymous_6)","decl":{"start":{"line":103,"column":2},"end":{"line":103,"column":7}},"loc":{"start":{"line":103,"column":50},"end":{"line":135,"column":3}}},"7":{"name":"(anonymous_7)","decl":{"start":{"line":140,"column":2},"end":{"line":140,"column":7}},"loc":{"start":{"line":140,"column":78},"end":{"line":146,"column":3}}}},"branchMap":{"0":{"loc":{"start":{"line":31,"column":14},"end":{"line":31,"column":30}},"type":"binary-expr","locations":[{"start":{"line":31,"column":14},"end":{"line":31,"column":16}},{"start":{"line":31,"column":20},"end":{"line":31,"column":30}}]},"1":{"loc":{"start":{"line":73,"column":6},"end":{"line":75,"column":7}},"type":"if","locations":[{"start":{"line":73,"column":6},"end":{"line":75,"column":7}}]},"2":{"loc":{"start":{"line":78,"column":6},"end":{"line":78,"column":42}},"type":"if","locations":[{"start":{"line":78,"column":6},"end":{"line":78,"column":42}}]},"3":{"loc":{"start":{"line":86,"column":60},"end":{"line":86,"column":96}},"type":"default-arg","locations":[{"start":{"line":86,"column":94},"end":{"line":86,"column":96}}]},"4":{"loc":{"start":{"line":111,"column":8},"end":{"line":113,"column":9}},"type":"if","locations":[{"start":{"line":111,"column":8},"end":{"line":113,"column":9}}]},"5":{"loc":{"start":{"line":111,"column":12},"end":{"line":111,"column":118}},"type":"binary-expr","locations":[{"start":{"line":111,"column":12},"end":{"line":111,"column":34}},{"start":{"line":111,"column":39},"end":{"line":111,"column":66}},{"start":{"line":111,"column":70},"end":{"line":111,"column":117}}]},"6":{"loc":{"start":{"line":120,"column":6},"end":{"line":122,"column":7}},"type":"if","locations":[{"start":{"line":120,"column":6},"end":{"line":122,"column":7}}]},"7":{"loc":{"start":{"line":120,"column":10},"end":{"line":120,"column":30}},"type":"binary-expr","locations":[{"start":{"line":120,"column":10},"end":{"line":120,"column":19}},{"start":{"line":120,"column":23},"end":{"line":120,"column":30}}]},"8":{"loc":{"start":{"line":125,"column":6},"end":{"line":127,"column":7}},"type":"if","locations":[{"start":{"line":125,"column":6},"end":{"line":127,"column":7}}]},"9":{"loc":{"start":{"line":125,"column":10},"end":{"line":125,"column":68}},"type":"binary-expr","locations":[{"start":{"line":125,"column":10},"end":{"line":125,"column":21}},{"start":{"line":125,"column":25},"end":{"line":125,"column":68}}]},"10":{"loc":{"start":{"line":132,"column":6},"end":{"line":132,"column":50}},"type":"if","locations":[{"start":{"line":132,"column":6},"end":{"line":132,"column":50}}]},"11":{"loc":{"start":{"line":140,"column":56},"end":{"line":140,"column":66}},"type":"default-arg","locations":[{"start":{"line":140,"column":64},"end":{"line":140,"column":66}}]},"12":{"loc":{"start":{"line":140,"column":68},"end":{"line":140,"column":78}},"type":"default-arg","locations":[{"start":{"line":140,"column":77},"end":{"line":140,"column":78}}]}},"s":{"0":2,"1":2,"2":2,"3":2,"4":2,"5":2,"6":2,"7":28,"8":6,"9":6,"10":2,"11":3,"12":3,"13":1,"14":0,"15":0,"16":0,"17":3,"18":3,"19":2,"20":1,"21":1,"22":2,"23":1,"24":1,"25":7,"26":7,"27":7,"28":1,"29":8,"30":8,"31":8,"32":3,"33":1,"34":2,"35":5,"36":5,"37":1,"38":4,"39":1,"40":3,"41":3,"42":5,"43":5,"44":0,"45":5,"46":5,"47":1,"48":2,"49":2},"f":{"0":28,"1":6,"2":3,"3":0,"4":3,"5":7,"6":8,"7":5},"b":{"0":[28,2],"1":[1],"2":[1],"3":[6],"4":[1],"5":[3,3,2],"6":[1],"7":[5,4],"8":[1],"9":[4,4],"10":[5],"11":[4],"12":[4]}}
}
