TN:
SF:src/config/common-headers.ts
FNF:0
FNH:0
DA:1,5
LF:1
LH:1
BRF:0
BRH:0
end_of_record
TN:
SF:src/config/constants.ts
FNF:0
FNH:0
DA:1,3
DA:2,3
DA:4,3
DA:5,3
DA:6,3
DA:9,3
DA:10,3
DA:12,3
DA:13,3
DA:14,3
DA:15,3
DA:17,3
DA:20,3
DA:22,3
DA:24,3
DA:26,3
DA:27,3
DA:28,3
DA:30,3
LF:19
LH:19
BRDA:4,0,0,3
BRDA:4,0,1,0
BRDA:5,1,0,3
BRDA:5,1,1,0
BRDA:6,2,0,3
BRDA:6,2,1,0
BRDA:9,3,0,3
BRDA:9,3,1,0
BRDA:10,4,0,3
BRDA:10,4,1,0
BRDA:12,5,0,3
BRDA:12,5,1,0
BRDA:13,6,0,3
BRDA:13,6,1,0
BRDA:14,7,0,3
BRDA:14,7,1,0
BRDA:16,8,0,3
BRDA:16,8,1,0
BRDA:18,9,0,3
BRDA:18,9,1,0
BRDA:20,10,0,0
BRDA:20,10,1,3
BRDA:22,11,0,3
BRDA:22,11,1,0
BRDA:24,12,0,3
BRDA:24,12,1,0
BRDA:26,13,0,3
BRDA:26,13,1,0
BRDA:27,14,0,3
BRDA:27,14,1,0
BRDA:28,15,0,3
BRDA:28,15,1,0
BRDA:30,16,0,3
BRDA:30,16,1,0
BRF:34
BRH:17
end_of_record
TN:
SF:src/config/http-codes.ts
FN:1,(anonymous_0)
FNF:1
FNH:1
FNDA:5,(anonymous_0)
DA:1,5
DA:2,5
DA:3,5
DA:4,5
DA:5,5
DA:6,5
DA:7,5
DA:8,5
DA:9,5
DA:10,5
DA:11,5
DA:12,5
DA:13,5
DA:14,5
LF:14
LH:14
BRDA:1,0,0,5
BRDA:1,0,1,5
BRF:2
BRH:2
end_of_record
TN:
SF:src/db/schema/auth.ts
FN:36,(anonymous_0)
FN:48,(anonymous_1)
FN:83,(anonymous_2)
FN:91,(anonymous_3)
FN:118,(anonymous_4)
FN:124,(anonymous_5)
FN:151,(anonymous_6)
FN:154,(anonymous_7)
FN:162,(anonymous_8)
FN:183,(anonymous_9)
FN:190,(anonymous_10)
FNF:11
FNH:5
FNDA:0,(anonymous_0)
FNDA:2,(anonymous_1)
FNDA:0,(anonymous_2)
FNDA:2,(anonymous_3)
FNDA:0,(anonymous_4)
FNDA:2,(anonymous_5)
FNDA:0,(anonymous_6)
FNDA:0,(anonymous_7)
FNDA:2,(anonymous_8)
FNDA:0,(anonymous_9)
FNDA:2,(anonymous_10)
DA:1,4
DA:2,4
DA:13,4
DA:15,4
DA:17,4
DA:18,4
DA:20,4
DA:31,4
DA:36,0
DA:48,2
DA:76,4
DA:78,4
DA:83,0
DA:91,2
DA:113,4
DA:118,0
DA:124,2
DA:146,4
DA:151,0
DA:154,0
DA:162,2
DA:178,4
DA:183,0
DA:190,2
LF:24
LH:18
BRF:0
BRH:0
end_of_record
TN:
SF:src/db/schema/storage.ts
FN:28,(anonymous_0)
FN:49,(anonymous_1)
FN:61,(anonymous_2)
FNF:3
FNH:0
FNDA:0,(anonymous_0)
FNDA:0,(anonymous_1)
FNDA:0,(anonymous_2)
DA:1,2
DA:14,2
DA:15,2
DA:24,2
DA:28,0
DA:38,2
DA:46,2
DA:49,0
DA:58,2
DA:61,0
LF:10
LH:7
BRF:0
BRH:0
end_of_record
TN:
SF:src/db/schema/tenants.ts
FN:16,(anonymous_0)
FNF:1
FNH:0
FNDA:0,(anonymous_0)
DA:1,4
DA:3,4
DA:5,4
DA:13,4
DA:16,0
LF:5
LH:4
BRF:0
BRH:0
end_of_record
TN:
SF:src/handlers/units/index.ts
FN:55,(anonymous_0)
FN:57,(anonymous_1)
FN:79,(anonymous_2)
FN:81,(anonymous_3)
FN:101,(anonymous_4)
FN:123,(anonymous_5)
FN:125,(anonymous_6)
FN:156,(anonymous_7)
FN:163,(anonymous_8)
FN:164,(anonymous_9)
FN:189,(anonymous_10)
FNF:11
FNH:9
FNDA:9,(anonymous_0)
FNDA:1,(anonymous_1)
FNDA:2,(anonymous_2)
FNDA:0,(anonymous_3)
FNDA:2,(anonymous_4)
FNDA:4,(anonymous_5)
FNDA:0,(anonymous_6)
FNDA:6,(anonymous_7)
FNDA:6,(anonymous_8)
FNDA:6,(anonymous_9)
FNDA:3,(anonymous_10)
DA:1,1
DA:3,1
DA:4,1
DA:5,1
DA:6,1
DA:13,1
DA:34,1
DA:37,1
DA:38,1
DA:39,1
DA:40,1
DA:41,1
DA:42,1
DA:55,1
DA:56,9
DA:57,9
DA:58,9
DA:59,9
DA:60,9
DA:61,7
DA:63,2
DA:64,1
DA:79,1
DA:80,2
DA:81,2
DA:82,2
DA:83,2
DA:84,2
DA:86,0
DA:87,0
DA:101,1
DA:102,2
DA:103,2
DA:104,2
DA:105,1
DA:107,1
DA:108,0
DA:123,1
DA:124,4
DA:125,4
DA:126,4
DA:128,4
DA:129,1
DA:131,3
DA:132,1
DA:134,2
DA:135,2
DA:136,1
DA:138,1
DA:139,0
DA:156,1
DA:157,6
DA:158,6
DA:159,6
DA:160,6
DA:162,6
DA:163,6
DA:164,6
DA:165,6
DA:166,6
DA:167,5
DA:169,1
DA:170,0
DA:189,1
DA:190,3
DA:191,3
DA:194,3
DA:195,1
DA:197,2
DA:198,0
DA:202,1
LF:71
LH:65
BRDA:59,0,0,9
BRDA:59,0,1,8
BRDA:63,1,0,1
BRDA:86,2,0,0
BRDA:107,3,0,1
BRDA:124,4,0,4
BRDA:124,4,1,1
BRDA:128,5,0,1
BRDA:131,6,0,1
BRDA:138,7,0,1
BRDA:158,8,0,6
BRDA:158,8,1,4
BRDA:159,9,0,6
BRDA:159,9,1,4
BRDA:160,10,0,6
BRDA:160,10,1,4
BRDA:162,11,0,2
BRDA:162,11,1,4
BRDA:169,12,0,1
BRDA:197,13,0,2
BRF:20
BRH:19
end_of_record
TN:
SF:src/lib/errors.ts
FN:18,(anonymous_0)
FNF:1
FNH:1
FNDA:21,(anonymous_0)
DA:1,5
DA:2,5
DA:17,5
DA:25,21
DA:32,21
DA:33,21
DA:36,21
DA:37,21
LF:8
LH:8
BRDA:27,0,0,21
BRDA:27,0,1,0
BRDA:32,1,0,21
BRF:3
BRH:2
end_of_record
TN:
SF:src/lib/jwt.ts
FN:12,(anonymous_0)
FNF:1
FNH:0
FNDA:0,(anonymous_0)
DA:1,2
DA:2,2
DA:3,2
DA:4,2
DA:12,2
DA:13,0
DA:14,0
DA:16,0
LF:8
LH:5
BRF:0
BRH:0
end_of_record
TN:
SF:src/middleware/db.ts
FN:27,(anonymous_9)
FN:38,(anonymous_10)
FNF:2
FNH:0
FNDA:0,(anonymous_9)
FNDA:0,(anonymous_10)
DA:1,2
DA:2,2
DA:3,2
DA:4,2
DA:6,2
DA:7,2
DA:8,2
DA:9,2
DA:10,2
DA:27,2
DA:28,0
DA:30,0
DA:36,0
DA:37,0
DA:38,0
DA:39,0
DA:40,0
DA:43,0
DA:46,0
DA:53,0
DA:55,0
DA:59,2
LF:22
LH:11
BRDA:37,0,0,0
BRDA:37,0,1,0
BRF:2
BRH:0
end_of_record
TN:
SF:src/repositories/tenants/unit.ts
FN:32,(anonymous_0)
FN:66,(anonymous_1)
FN:102,(anonymous_2)
FN:112,(anonymous_3)
FN:148,(anonymous_4)
FN:203,(anonymous_5)
FNF:6
FNH:0
FNDA:0,(anonymous_0)
FNDA:0,(anonymous_1)
FNDA:0,(anonymous_2)
FNDA:0,(anonymous_3)
FNDA:0,(anonymous_4)
FNDA:0,(anonymous_5)
DA:1,2
DA:2,2
DA:4,2
DA:5,2
DA:6,2
DA:32,2
DA:36,0
DA:37,0
DA:44,0
DA:46,0
DA:66,2
DA:71,0
DA:72,0
DA:77,0
DA:79,0
DA:102,2
DA:111,0
DA:112,0
DA:113,0
DA:116,0
DA:128,0
DA:130,0
DA:148,2
DA:149,0
DA:151,0
DA:163,0
DA:165,0
DA:169,0
DA:181,0
DA:183,0
DA:203,2
DA:208,0
DA:209,0
DA:219,0
DA:221,0
DA:229,2
LF:36
LH:11
BRDA:41,0,0,0
BRDA:41,0,1,0
BRDA:106,1,0,0
BRDA:107,2,0,0
BRDA:108,3,0,0
BRDA:163,4,0,0
BRDA:181,5,0,0
BRDA:181,5,1,0
BRDA:219,6,0,0
BRDA:219,6,1,0
BRF:10
BRH:0
end_of_record
TN:
SF:src/services/db.ts
FN:17,(anonymous_2)
FN:23,(anonymous_3)
FN:30,(anonymous_4)
FNF:3
FNH:3
FNDA:2,(anonymous_2)
FNDA:2,(anonymous_3)
FNDA:2,(anonymous_4)
DA:1,2
DA:2,2
DA:3,2
DA:4,2
DA:13,2
DA:18,2
DA:24,2
DA:25,2
DA:27,2
DA:31,2
DA:35,2
LF:11
LH:11
BRDA:24,0,0,2
BRF:1
BRH:1
end_of_record
TN:
SF:src/services/unit.ts
FN:30,(anonymous_0)
FN:37,(anonymous_1)
FN:48,(anonymous_2)
FN:59,(anonymous_3)
FN:70,(anonymous_4)
FN:86,(anonymous_5)
FN:103,(anonymous_6)
FN:140,(anonymous_7)
FNF:8
FNH:7
FNDA:28,(anonymous_0)
FNDA:6,(anonymous_1)
FNDA:3,(anonymous_2)
FNDA:0,(anonymous_3)
FNDA:3,(anonymous_4)
FNDA:7,(anonymous_5)
FNDA:8,(anonymous_6)
FNDA:5,(anonymous_7)
DA:1,2
DA:2,2
DA:3,2
DA:4,2
DA:5,2
DA:6,2
DA:7,2
DA:27,2
DA:31,28
DA:38,6
DA:39,6
DA:41,2
DA:49,3
DA:50,3
DA:52,1
DA:60,0
DA:61,0
DA:63,0
DA:71,3
DA:72,3
DA:73,2
DA:74,1
DA:76,1
DA:78,2
DA:79,1
DA:87,7
DA:88,7
DA:94,7
DA:96,1
DA:104,8
DA:107,8
DA:108,8
DA:111,3
DA:112,1
DA:115,2
DA:119,5
DA:120,5
DA:121,1
DA:125,4
DA:126,1
DA:129,3
DA:130,3
DA:132,5
DA:133,0
DA:141,5
DA:142,5
DA:144,1
DA:152,2
LF:48
LH:44
BRDA:31,0,0,28
BRDA:31,0,1,2
BRDA:73,1,0,1
BRDA:78,2,0,1
BRDA:86,3,0,6
BRDA:111,4,0,1
BRDA:111,5,0,3
BRDA:111,5,1,3
BRDA:111,5,2,2
BRDA:120,6,0,1
BRDA:120,7,0,5
BRDA:120,7,1,4
BRDA:125,8,0,1
BRDA:125,9,0,4
BRDA:125,9,1,4
BRDA:132,10,0,5
BRDA:140,11,0,4
BRDA:140,12,0,4
BRF:18
BRH:18
end_of_record
